0 info it worked if it ends with ok
1 verbose cli [ '/usr/bin/node',
1 verbose cli   '/usr/lib/node_modules/npm/bin/npm-cli.js',
1 verbose cli   '--globalconfig',
1 verbose cli   '/home/jazz/.atom/.apm/.apmrc',
1 verbose cli   '--userconfig',
1 verbose cli   '/home/jazz/.atom/.apmrc',
1 verbose cli   'install',
1 verbose cli   'https://www.atom.io/api/packages/colorguide/versions/0.2.0/tarball',
1 verbose cli   '--runtime=electron',
1 verbose cli   '--target=2.0.8',
1 verbose cli   '--dist-url=https://atom.io/download/electron',
1 verbose cli   '--arch=x64',
1 verbose cli   '--global-style' ]
2 info using npm@6.4.1
3 info using node@v10.9.0
4 verbose npm-session 1d9205a1520ce1f7
5 silly install loadCurrentTree
6 silly install readLocalPackageData
7 http fetch GET 200 https://www.atom.io/api/packages/colorguide/versions/0.2.0/tarball 1542ms
8 silly pacote remote manifest for undefined@https://www.atom.io/api/packages/colorguide/versions/0.2.0/tarball fetched in 1561ms
9 timing stage:loadCurrentTree Completed in 1816ms
10 silly install loadIdealTree
11 silly install cloneCurrentTreeToIdealTree
12 timing stage:loadIdealTree:cloneCurrentTree Completed in 1ms
13 silly install loadShrinkwrap
14 timing stage:loadIdealTree:loadShrinkwrap Completed in 0ms
15 silly install loadAllDepsIntoIdealTree
16 silly resolveWithNewModule colorguide@0.2.0 checking installable status
17 http fetch GET 200 https://registry.npmjs.org/path 100ms
18 silly pacote range manifest for path@^0.12.7 fetched in 111ms
19 silly resolveWithNewModule path@0.12.7 checking installable status
20 http fetch GET 304 https://registry.npmjs.org/atom-space-pen-views 165ms (from cache)
21 http fetch GET 304 https://registry.npmjs.org/underscore-plus 167ms (from cache)
22 silly pacote range manifest for atom-space-pen-views@^2.0.0 fetched in 170ms
23 silly resolveWithNewModule atom-space-pen-views@2.2.0 checking installable status
24 silly pacote range manifest for underscore-plus@^1.0.0 fetched in 170ms
25 silly resolveWithNewModule underscore-plus@1.6.8 checking installable status
26 http fetch GET 304 https://registry.npmjs.org/jquery 178ms (from cache)
27 silly pacote range manifest for jquery@^2.1.4 fetched in 195ms
28 silly resolveWithNewModule jquery@2.2.4 checking installable status
29 http fetch GET 304 https://registry.npmjs.org/fs-plus 194ms (from cache)
30 silly pacote range manifest for fs-plus@^2.8.2 fetched in 199ms
31 silly resolveWithNewModule fs-plus@2.10.1 checking installable status
32 http fetch GET 200 https://registry.npmjs.org/mathjs 909ms
33 http fetch GET 200 https://registry.npmjs.org/tool-bar 921ms
34 silly fetchPackageMetaData error for tool-bar@^1.0.0 No valid versions available for tool-bar
35 silly pacote range manifest for mathjs@^1.5.0 fetched in 964ms
36 silly resolveWithNewModule mathjs@1.7.1 checking installable status
37 timing stage:rollbackFailedOptional Completed in 2ms
38 timing stage:runTopLevelLifecycles Completed in 2801ms
39 silly saveTree apm-install-dir-11886-10890-1tu29ie.u9b6
39 silly saveTree └─┬ colorguide@0.2.0
39 silly saveTree   ├── atom-space-pen-views@2.2.0
39 silly saveTree   ├─┬ fs-plus@2.10.1
39 silly saveTree   │ └── underscore-plus@1.6.8
39 silly saveTree   ├── jquery@2.2.4
39 silly saveTree   ├── mathjs@1.7.1
39 silly saveTree   ├── path@0.12.7
39 silly saveTree   └── underscore-plus@1.6.8
40 verbose type range
41 verbose stack tool-bar: No valid versions available for tool-bar
41 verbose stack     at pickManifest (/usr/lib/node_modules/npm/node_modules/npm-pick-manifest/index.js:20:11)
41 verbose stack     at fetchPackument.then.packument (/usr/lib/node_modules/npm/node_modules/pacote/lib/fetchers/registry/manifest.js:39:14)
41 verbose stack     at tryCatcher (/usr/lib/node_modules/npm/node_modules/bluebird/js/release/util.js:16:23)
41 verbose stack     at Promise._settlePromiseFromHandler (/usr/lib/node_modules/npm/node_modules/bluebird/js/release/promise.js:512:31)
41 verbose stack     at Promise._settlePromise (/usr/lib/node_modules/npm/node_modules/bluebird/js/release/promise.js:569:18)
41 verbose stack     at Promise._settlePromise0 (/usr/lib/node_modules/npm/node_modules/bluebird/js/release/promise.js:614:10)
41 verbose stack     at Promise._settlePromises (/usr/lib/node_modules/npm/node_modules/bluebird/js/release/promise.js:693:18)
41 verbose stack     at Async._drainQueue (/usr/lib/node_modules/npm/node_modules/bluebird/js/release/async.js:133:16)
41 verbose stack     at Async._drainQueues (/usr/lib/node_modules/npm/node_modules/bluebird/js/release/async.js:143:10)
41 verbose stack     at Immediate.Async.drainQueues [as _onImmediate] (/usr/lib/node_modules/npm/node_modules/bluebird/js/release/async.js:17:14)
41 verbose stack     at runCallback (timers.js:693:18)
41 verbose stack     at tryOnImmediate (timers.js:664:5)
41 verbose stack     at processImmediate (timers.js:646:5)
42 verbose cwd /tmp/apm-install-dir-11886-10890-1tu29ie.u9b6
43 verbose Linux 4.18.5-arch1-1-ARCH
44 verbose argv "/usr/bin/node" "/usr/lib/node_modules/npm/bin/npm-cli.js" "--globalconfig" "/home/jazz/.atom/.apm/.apmrc" "--userconfig" "/home/jazz/.atom/.apmrc" "install" "https://www.atom.io/api/packages/colorguide/versions/0.2.0/tarball" "--runtime=electron" "--target=2.0.8" "--dist-url=https://atom.io/download/electron" "--arch=x64" "--global-style"
45 verbose node v10.9.0
46 verbose npm  v6.4.1
47 error code ENOVERSIONS
48 error No valid versions available for tool-bar
49 verbose exit [ 1, true ]
